<?xml version="1.0" encoding="UTF-8"?>
<testsuite name="CucumberRunner" time="20.767" tests="4" errors="0" skipped="0" failures="0">
  <properties>
[...]
</properties>
  <testcase name="Positive validation for successful login" classname="Login to application under test" time="6.902"/>
  <testcase name="positive validation for successful login #1" classname="Login to application under test" time="5.384"/>
  <testcase name="positive validation for successful login #2" classname="Login to application under test" time="6.808"/>
  <testcase name="Searching new car" classname="validation of car search" time="1.673"/>
</testsuite>